0 info it worked if it ends with ok
1 verbose cli [ '/home/nico/.nvm/versions/node/v6.10.2/bin/node',
1 verbose cli   '/home/nico/.nvm/versions/node/v6.10.2/bin/npm',
1 verbose cli   'run',
1 verbose cli   'watch' ]
2 info using npm@3.10.10
3 info using node@v6.10.2
4 verbose run-script [ 'prewatch', 'watch', 'postwatch' ]
5 info lifecycle test-2@1.0.0~prewatch: test-2@1.0.0
6 silly lifecycle test-2@1.0.0~prewatch: no script for prewatch, continuing
7 info lifecycle test-2@1.0.0~watch: test-2@1.0.0
8 verbose lifecycle test-2@1.0.0~watch: unsafe-perm in lifecycle true
9 verbose lifecycle test-2@1.0.0~watch: PATH: /home/nico/.nvm/versions/node/v6.10.2/lib/node_modules/npm/bin/node-gyp-bin:/home/nico/Projects/fastit/technical-test/template/node_modules/.bin:/home/nico/.nvm/versions/node/v6.10.2/bin:/home/nico/.asdf/bin:/home/nico/.asdf/shims:/home/nico/.local/bin:/home/nico/.cabal/bin:/opt/cabal/1.22/bin:/opt/ghc/7.10.3/bin:/usr/local/sbin:/usr/local/bin:/usr/sbin:/usr/bin:/sbin:/bin:/usr/games:/usr/local/games:/usr/lib/jvm/java-8-oracle/bin:/usr/lib/jvm/java-8-oracle/db/bin:/usr/lib/jvm/java-8-oracle/jre/bin:/home/nico/bin:/home/nico/bin/robomongo-1.0.0-rc1/bin:/home/nico/bin/sonar-runner-2.4/bin:/home/nico/Applications/mongodb/bin:/home/nico/Applications/hub/bin:/home/nico/Applications/lci/:/home/nico/Applications/gitflow/bin:/home/nico/Applications/docker-compose:/home/nico/Applications/packer:/home/nico/bin/go/bin:/home/nico/Project/go/bin:/home/nico/.cargo/bin:/home/nico/.fzf/bin:/home/nico/.rsvm/current/dist/bin
10 verbose lifecycle test-2@1.0.0~watch: CWD: /home/nico/Projects/fastit/technical-test/template
11 silly lifecycle test-2@1.0.0~watch: Args: [ '-c', 'jest --watch' ]
12 silly lifecycle test-2@1.0.0~watch: Returned: code: 64  signal: null
13 info lifecycle test-2@1.0.0~watch: Failed to exec watch script
14 verbose stack Error: test-2@1.0.0 watch: `jest --watch`
14 verbose stack Exit status 64
14 verbose stack     at EventEmitter.<anonymous> (/home/nico/.nvm/versions/node/v6.10.2/lib/node_modules/npm/lib/utils/lifecycle.js:255:16)
14 verbose stack     at emitTwo (events.js:106:13)
14 verbose stack     at EventEmitter.emit (events.js:191:7)
14 verbose stack     at ChildProcess.<anonymous> (/home/nico/.nvm/versions/node/v6.10.2/lib/node_modules/npm/lib/utils/spawn.js:40:14)
14 verbose stack     at emitTwo (events.js:106:13)
14 verbose stack     at ChildProcess.emit (events.js:191:7)
14 verbose stack     at maybeClose (internal/child_process.js:886:16)
14 verbose stack     at Process.ChildProcess._handle.onexit (internal/child_process.js:226:5)
15 verbose pkgid test-2@1.0.0
16 verbose cwd /home/nico/Projects/fastit/technical-test/template
17 error Linux 4.9.24-1-MANJARO
18 error argv "/home/nico/.nvm/versions/node/v6.10.2/bin/node" "/home/nico/.nvm/versions/node/v6.10.2/bin/npm" "run" "watch"
19 error node v6.10.2
20 error npm  v3.10.10
21 error code ELIFECYCLE
22 error test-2@1.0.0 watch: `jest --watch`
22 error Exit status 64
23 error Failed at the test-2@1.0.0 watch script 'jest --watch'.
23 error Make sure you have the latest version of node.js and npm installed.
23 error If you do, this is most likely a problem with the test-2 package,
23 error not with npm itself.
23 error Tell the author that this fails on your system:
23 error     jest --watch
23 error You can get information on how to open an issue for this project with:
23 error     npm bugs test-2
23 error Or if that isn't available, you can get their info via:
23 error     npm owner ls test-2
23 error There is likely additional logging output above.
24 verbose exit [ 1, true ]
